<?xml version="1.0" encoding="UTF-8"?>
<!-- Generated by org.testng.reporters.JUnitXMLReporter -->
<testsuite hostname="TMX0393" name="InstanceDataProviderTest" tests="3" failures="0" timestamp="30 Jan 2018 03:22:08 GMT" time="0.016" errors="0">
  <testcase name="instanceDbProvider" time="0.005" classname="com.week2.day5.examples.DataProviders.InstanceDataProviderExample"/>
  <testcase name="instanceDbProvider" time="0.0" classname="com.week2.day5.examples.DataProviders.InstanceDataProviderExample"/>
  <testcase name="instanceDbProvider" time="0.0" classname="com.week2.day5.examples.DataProviders.InstanceDataProviderExample"/>
</testsuite>
