<?xml version="1.0" encoding="UTF-8"?>
<!-- Generated by org.testng.reporters.JUnitXMLReporter -->
<testsuite hostname="TMX0393" name="MultipleDataProvidersTest" tests="3" failures="0" timestamp="30 Jan 2018 04:14:19 GMT" time="0.022" errors="0">
  <testcase name="testAddMethod" time="0.008" classname="com.week2.day5.examples.DataProviders.TestNGMultipleDataProviderExample"/>
  <testcase name="testAddMethod" time="0.0" classname="com.week2.day5.examples.DataProviders.TestNGMultipleDataProviderExample"/>
  <testcase name="testAddMethod" time="0.0" classname="com.week2.day5.examples.DataProviders.TestNGMultipleDataProviderExample"/>
</testsuite>
