<?xml version="1.0" encoding="UTF-8"?>
<!-- Generated by org.testng.reporters.JUnitXMLReporter -->
<testsuite hostname="TMX0393.local" name="Test1" tests="3" failures="0" timestamp="29 Jan 2018 20:59:45 GMT" time="0.017" errors="0">
  <testcase name="testMethod1" time="0.006" classname="com.week2.day4.testng.groups.testGroups"/>
  <testcase name="testMethod2" time="0.0" classname="com.week2.day4.testng.groups.testGroups"/>
  <testcase name="testMethod3" time="0.001" classname="com.week2.day4.testng.groups.testGroups"/>
</testsuite>
